{"numTotalTestSuites":31,"numPassedTestSuites":31,"numFailedTestSuites":0,"numPendingTestSuites":0,"numTotalTests":93,"numPassedTests":93,"numFailedTests":0,"numPendingTests":0,"numTodoTests":0,"snapshot":{"added":0,"failure":false,"filesAdded":0,"filesRemoved":0,"filesRemovedList":[],"filesUnmatched":0,"filesUpdated":0,"matched":0,"total":0,"unchecked":0,"uncheckedKeysByFile":[],"unmatched":0,"updated":0,"didUpdate":false},"startTime":1777409149918,"success":true,"testResults":[{"assertionResults":[{"ancestorTitles":[],"fullName":"asset helpers save, read, delete, clean orphaned assets, and create object URLs","status":"passed","title":"asset helpers save, read, delete, clean orphaned assets, and create object URLs","duration":2.103166999999999,"failureMessages":[],"meta":{},"tags":[]},{"ancestorTitles":[],"fullName":"project, quick-export, and settings helpers persist normalized records and clean project-scoped data","status":"passed","title":"project, quick-export, and settings helpers persist normalized records and clean project-scoped data","duration":1.296999999999997,"failureMessages":[],"meta":{},"tags":[]},{"ancestorTitles":[],"fullName":"localStorage-backed helpers read, write, and tolerate storage failures","status":"passed","title":"localStorage-backed helpers read, write, and tolerate storage failures","duration":0.5322920000000124,"failureMessages":[],"meta":{},"tags":[]}],"startTime":1777409152142,"endTime":1777409152145.5322,"status":"passed","message":"","name":"/Volumes/Samsung_SSD_1TB/www/2dtiler/app/tests/services/db.test.ts"},{"assertionResults":[{"ancestorTitles":[],"fullName":"saveBlobFileWithResult writes through an existing handle when permission is granted","status":"passed","title":"saveBlobFileWithResult writes through an existing handle when permission is granted","duration":2.1815420000000074,"failureMessages":[],"meta":{},"tags":[]},{"ancestorTitles":[],"fullName":"saveBlobFileWithResult reports cancellation when an existing handle denies write access","status":"passed","title":"saveBlobFileWithResult reports cancellation when an existing handle denies write access","duration":0.5146670000000029,"failureMessages":[],"meta":{},"tags":[]},{"ancestorTitles":[],"fullName":"saveBlobFileWithResult falls back from a stale handle to the native picker","status":"passed","title":"saveBlobFileWithResult falls back from a stale handle to the native picker","duration":0.6851249999999993,"failureMessages":[],"meta":{},"tags":[]},{"ancestorTitles":[],"fullName":"saveByteArrayFile uses the native picker without file-type metadata when the filename has no extension","status":"passed","title":"saveByteArrayFile uses the native picker without file-type metadata when the filename has no extension","duration":0.4788329999999945,"failureMessages":[],"meta":{},"tags":[]},{"ancestorTitles":[],"fullName":"saveBlobFile returns false when the user cancels the native picker","status":"passed","title":"saveBlobFile returns false when the user cancels the native picker","duration":0.2808339999999987,"failureMessages":[],"meta":{},"tags":[]},{"ancestorTitles":[],"fullName":"saveBlobFileWithResult falls back to a download when the native picker fails","status":"passed","title":"saveBlobFileWithResult falls back to a download when the native picker fails","duration":0.5602499999999964,"failureMessages":[],"meta":{},"tags":[]},{"ancestorTitles":[],"fullName":"saveBlobFileWithResult downloads immediately when the native picker is unavailable","status":"passed","title":"saveBlobFileWithResult downloads immediately when the native picker is unavailable","duration":0.2392499999999984,"failureMessages":[],"meta":{},"tags":[]}],"startTime":1777409151338,"endTime":1777409151343.5603,"status":"passed","message":"","name":"/Volumes/Samsung_SSD_1TB/www/2dtiler/app/tests/services/file-system.test.ts"},{"assertionResults":[{"ancestorTitles":[],"fullName":"sanitizeDownloadSegment and buildDownloadFilename normalize unsafe names","status":"passed","title":"sanitizeDownloadSegment and buildDownloadFilename normalize unsafe names","duration":1.1781250000000085,"failureMessages":[],"meta":{},"tags":[]},{"ancestorTitles":[],"fullName":"createZipArchive normalizes entry separators","status":"passed","title":"createZipArchive normalizes entry separators","duration":1.6955420000000032,"failureMessages":[],"meta":{},"tags":[]},{"ancestorTitles":[],"fullName":"exportProject and importProject round-trip assets and normalize the project","status":"passed","title":"exportProject and importProject round-trip assets and normalize the project","duration":3.2196249999999935,"failureMessages":[],"meta":{},"tags":[]},{"ancestorTitles":[],"fullName":"exportMap and importMap keep only referenced tilesets and local object layers","status":"passed","title":"exportMap and importMap keep only referenced tilesets and local object layers","duration":1.7900419999999997,"failureMessages":[],"meta":{},"tags":[]},{"ancestorTitles":[],"fullName":"exportTileset and importTileset round-trip a single tileset asset","status":"passed","title":"exportTileset and importTileset round-trip a single tileset asset","duration":0.4491249999999809,"failureMessages":[],"meta":{},"tags":[]},{"ancestorTitles":[],"fullName":"downloadFile clicks a temporary anchor and revokes the object URL","status":"passed","title":"downloadFile clicks a temporary anchor and revokes the object URL","duration":0.5606669999999951,"failureMessages":[],"meta":{},"tags":[]},{"ancestorTitles":[],"fullName":"readFileAsUint8Array resolves and rejects based on the FileReader result","status":"passed","title":"readFileAsUint8Array resolves and rejects based on the FileReader result","duration":0.33933300000001054,"failureMessages":[],"meta":{},"tags":[]}],"startTime":1777409150459,"endTime":1777409150468.5605,"status":"passed","message":"","name":"/Volumes/Samsung_SSD_1TB/www/2dtiler/app/tests/utils/format.test.ts"},{"assertionResults":[{"ancestorTitles":[],"fullName":"PHASER_MAP_IMPORT_CONFIG only accepts JSON-style tilemaps","status":"passed","title":"PHASER_MAP_IMPORT_CONFIG only accepts JSON-style tilemaps","duration":0.856250000000017,"failureMessages":[],"meta":{},"tags":[]}],"startTime":1777409154580,"endTime":1777409154580.8562,"status":"passed","message":"","name":"/Volumes/Samsung_SSD_1TB/www/2dtiler/app/tests/features/import-export/hooks/use-tiled-map-import.test.ts"},{"assertionResults":[{"ancestorTitles":[],"fullName":"isDefoldMapOption matches only the Defold map option","status":"passed","title":"isDefoldMapOption matches only the Defold map option","duration":0.867999999999995,"failureMessages":[],"meta":{},"tags":[]},{"ancestorTitles":[],"fullName":"exportSelectedDefoldMaps handles unsupported options, single exports, and grouped archives","status":"passed","title":"exportSelectedDefoldMaps handles unsupported options, single exports, and grouped archives","duration":3.1250420000000076,"failureMessages":[],"meta":{},"tags":[]}],"startTime":1777409152638,"endTime":1777409152642.125,"status":"passed","message":"","name":"/Volumes/Samsung_SSD_1TB/www/2dtiler/app/tests/features/import-export/lib/defold-map-action-utils.test.ts"},{"assertionResults":[{"ancestorTitles":[],"fullName":"isDefoldTilesetOption matches only the Defold tileset option","status":"passed","title":"isDefoldTilesetOption matches only the Defold tileset option","duration":0.774249999999995,"failureMessages":[],"meta":{},"tags":[]},{"ancestorTitles":[],"fullName":"exportSelectedDefoldTilesets handles invalid input and grouped archives","status":"passed","title":"exportSelectedDefoldTilesets handles invalid input and grouped archives","duration":2.5578749999999957,"failureMessages":[],"meta":{},"tags":[]}],"startTime":1777409152788,"endTime":1777409152791.5579,"status":"passed","message":"","name":"/Volumes/Samsung_SSD_1TB/www/2dtiler/app/tests/features/import-export/lib/defold-tileset-action-utils.test.ts"},{"assertionResults":[{"ancestorTitles":[],"fullName":"prepareGameMakerMapImport resolves sprite-backed YY tilesets, backgrounds, and instances","status":"passed","title":"prepareGameMakerMapImport resolves sprite-backed YY tilesets, backgrounds, and instances","duration":2.8792080000000055,"failureMessages":[],"meta":{},"tags":[]}],"startTime":1777409153107,"endTime":1777409153109.8792,"status":"passed","message":"","name":"/Volumes/Samsung_SSD_1TB/www/2dtiler/app/tests/features/import-export/lib/gamemaker-map-import.test.ts"},{"assertionResults":[{"ancestorTitles":[],"fullName":"action-utils type guards and archive path helpers recognize supported option shapes","status":"passed","title":"action-utils type guards and archive path helpers recognize supported option shapes","duration":1.1422919999999976,"failureMessages":[],"meta":{},"tags":[]},{"ancestorTitles":[],"fullName":"pickSingleFile resolves a chosen file and falls back to null on window focus cancel","status":"passed","title":"pickSingleFile resolves a chosen file and falls back to null on window focus cancel","duration":1.6234170000000034,"failureMessages":[],"meta":{},"tags":[]},{"ancestorTitles":[],"fullName":"getMapExportData and grouped asset builders preserve nested layer data and group ordering","status":"passed","title":"getMapExportData and grouped asset builders preserve nested layer data and group ordering","duration":0.802749999999989,"failureMessages":[],"meta":{},"tags":[]}],"startTime":1777409152005,"endTime":1777409152008.8027,"status":"passed","message":"","name":"/Volumes/Samsung_SSD_1TB/www/2dtiler/app/tests/features/import-export/lib/import-export-action-utils.test.ts"},{"assertionResults":[{"ancestorTitles":[],"fullName":"prepareDefoldTilesetImport imports a linked image-backed tilesource","status":"passed","title":"prepareDefoldTilesetImport imports a linked image-backed tilesource","duration":1.7030829999999924,"failureMessages":[],"meta":{},"tags":[]},{"ancestorTitles":[],"fullName":"prepareDefoldTilesetImport reports a missing linked image","status":"passed","title":"prepareDefoldTilesetImport reports a missing linked image","duration":0.3261660000000006,"failureMessages":[],"meta":{},"tags":[]},{"ancestorTitles":[],"fullName":"prepareDefoldMapImport imports a standalone tilemap bundle","status":"passed","title":"prepareDefoldMapImport imports a standalone tilemap bundle","duration":0.7862499999999955,"failureMessages":[],"meta":{},"tags":[]},{"ancestorTitles":[],"fullName":"prepareDefoldMapImport requests the linked tilemap from a collection","status":"passed","title":"prepareDefoldMapImport requests the linked tilemap from a collection","duration":0.1658339999999896,"failureMessages":[],"meta":{},"tags":[]},{"ancestorTitles":[],"fullName":"exportDefoldMapBundle emits linked Defold resources for collection export","status":"passed","title":"exportDefoldMapBundle emits linked Defold resources for collection export","duration":0.926667000000009,"failureMessages":[],"meta":{},"tags":[]},{"ancestorTitles":[],"fullName":"exportDefoldMapBundle emits a standalone Defold tilemap bundle","status":"passed","title":"exportDefoldMapBundle emits a standalone Defold tilemap bundle","duration":0.2151659999999822,"failureMessages":[],"meta":{},"tags":[]},{"ancestorTitles":[],"fullName":"exportDefoldTilesourceBundle emits tilesource and image resources","status":"passed","title":"exportDefoldTilesourceBundle emits tilesource and image resources","duration":0.1370409999999822,"failureMessages":[],"meta":{},"tags":[]}],"startTime":1777409151894,"endTime":1777409151898.215,"status":"passed","message":"","name":"/Volumes/Samsung_SSD_1TB/www/2dtiler/app/tests/features/import-export/lib/import-export-defold.test.ts"},{"assertionResults":[{"ancestorTitles":[],"fullName":"exportGameMakerMapBundle encodes background, tile, instance, and room metadata in YY output","status":"passed","title":"exportGameMakerMapBundle encodes background, tile, instance, and room metadata in YY output","duration":1.9542920000000095,"failureMessages":[],"meta":{},"tags":[]}],"startTime":1777409153623,"endTime":1777409153624.9543,"status":"passed","message":"","name":"/Volumes/Samsung_SSD_1TB/www/2dtiler/app/tests/features/import-export/lib/import-export-gamemaker.test.ts"},{"assertionResults":[{"ancestorTitles":[],"fullName":"importMappyMap imports static BODY and LYR layers","status":"passed","title":"importMappyMap imports static BODY and LYR layers","duration":2.5325830000000167,"failureMessages":[],"meta":{},"tags":[]},{"ancestorTitles":[],"fullName":"exportMappyMap emits the expected Mappy chunk surface","status":"passed","title":"exportMappyMap emits the expected Mappy chunk surface","duration":1.1596250000000055,"failureMessages":[],"meta":{},"tags":[]},{"ancestorTitles":[],"fullName":"exportMappyMap round-trips static tile placements through importMappyMap","status":"passed","title":"exportMappyMap round-trips static tile placements through importMappyMap","duration":0.8109579999999994,"failureMessages":[],"meta":{},"tags":[]}],"startTime":1777409151500,"endTime":1777409151503.811,"status":"passed","message":"","name":"/Volumes/Samsung_SSD_1TB/www/2dtiler/app/tests/features/import-export/lib/import-export-mappy.test.ts"},{"assertionResults":[{"ancestorTitles":[],"fullName":"prepareTideMapImport imports a linked image-backed tIDE map","status":"passed","title":"prepareTideMapImport imports a linked image-backed tIDE map","duration":4.131916000000018,"failureMessages":[],"meta":{},"tags":[]},{"ancestorTitles":[],"fullName":"prepareTideMapImport reports a missing linked image","status":"passed","title":"prepareTideMapImport reports a missing linked image","duration":0.4709169999999858,"failureMessages":[],"meta":{},"tags":[]},{"ancestorTitles":[],"fullName":"exportTideMapBundle emits a tIDE map and linked image resources","status":"passed","title":"exportTideMapBundle emits a tIDE map and linked image resources","duration":1.2666250000000048,"failureMessages":[],"meta":{},"tags":[]}],"startTime":1777409151035,"endTime":1777409151041.2666,"status":"passed","message":"","name":"/Volumes/Samsung_SSD_1TB/www/2dtiler/app/tests/features/import-export/lib/import-export-tide.test.ts"},{"assertionResults":[{"ancestorTitles":[],"fullName":"exportTiledMapJsonBundle emits zero margin and spacing for external TSJ tilesets","status":"passed","title":"exportTiledMapJsonBundle emits zero margin and spacing for external TSJ tilesets","duration":2.0100829999999803,"failureMessages":[],"meta":{},"tags":[]},{"ancestorTitles":[],"fullName":"exportTiledMapJsonBundle serializes grouped layers and external tilesets through TMJ","status":"passed","title":"exportTiledMapJsonBundle serializes grouped layers and external tilesets through TMJ","duration":1.5345000000000084,"failureMessages":[],"meta":{},"tags":[]},{"ancestorTitles":[],"fullName":"exportTiledMapJsBundle wraps grouped Tiled map data for JavaScript consumers","status":"passed","title":"exportTiledMapJsBundle wraps grouped Tiled map data for JavaScript consumers","duration":0.7929159999999911,"failureMessages":[],"meta":{},"tags":[]}],"startTime":1777409152336,"endTime":1777409152340.793,"status":"passed","message":"","name":"/Volumes/Samsung_SSD_1TB/www/2dtiler/app/tests/features/import-export/lib/import-export-tiled-json.test.ts"},{"assertionResults":[{"ancestorTitles":[],"fullName":"exportTiledMapLuaBundle serializes grouped layers with external TSX tilesets","status":"passed","title":"exportTiledMapLuaBundle serializes grouped layers with external TSX tilesets","duration":7.0591249999999945,"failureMessages":[],"meta":{},"tags":[]}],"startTime":1777409150840,"endTime":1777409150847.059,"status":"passed","message":"","name":"/Volumes/Samsung_SSD_1TB/www/2dtiler/app/tests/features/import-export/lib/import-export-tiled-lua.test.ts"},{"assertionResults":[{"ancestorTitles":[],"fullName":"exportTiledMapBundle emits zero margin and spacing for inline TMX tilesets","status":"passed","title":"exportTiledMapBundle emits zero margin and spacing for inline TMX tilesets","duration":3.820791000000014,"failureMessages":[],"meta":{},"tags":[]},{"ancestorTitles":[],"fullName":"exportTiledMapBundle serializes grouped layers, images, and objects into TMX","status":"passed","title":"exportTiledMapBundle serializes grouped layers, images, and objects into TMX","duration":1.994874999999979,"failureMessages":[],"meta":{},"tags":[]}],"startTime":1777409151226,"endTime":1777409151231.9949,"status":"passed","message":"","name":"/Volumes/Samsung_SSD_1TB/www/2dtiler/app/tests/features/import-export/lib/import-export-tiled.test.ts"},{"assertionResults":[{"ancestorTitles":[],"fullName":"isMappyMapOption matches only the Mappy map option","status":"passed","title":"isMappyMapOption matches only the Mappy map option","duration":0.7990839999999935,"failureMessages":[],"meta":{},"tags":[]},{"ancestorTitles":[],"fullName":"exportSelectedMappyMaps exports single files and grouped archives","status":"passed","title":"exportSelectedMappyMaps exports single files and grouped archives","duration":2.4069590000000005,"failureMessages":[],"meta":{},"tags":[]}],"startTime":1777409153256,"endTime":1777409153259.407,"status":"passed","message":"","name":"/Volumes/Samsung_SSD_1TB/www/2dtiler/app/tests/features/import-export/lib/mappy-map-action-utils.test.ts"},{"assertionResults":[{"ancestorTitles":[],"fullName":"normalizePhaserMapBundleEntries renames TMJ roots to JSON","status":"passed","title":"normalizePhaserMapBundleEntries renames TMJ roots to JSON","duration":1.325958,"failureMessages":[],"meta":{},"tags":[]},{"ancestorTitles":[],"fullName":"DEFAULT_PHASER_MAP_EXPORT_OPTIONS force Phaser-safe Tiled JSON defaults","status":"passed","title":"DEFAULT_PHASER_MAP_EXPORT_OPTIONS force Phaser-safe Tiled JSON defaults","duration":0.14691599999999028,"failureMessages":[],"meta":{},"tags":[]},{"ancestorTitles":[],"fullName":"isPhaserMapOption matches only the Phaser map option","status":"passed","title":"isPhaserMapOption matches only the Phaser map option","duration":0.14424999999999955,"failureMessages":[],"meta":{},"tags":[]},{"ancestorTitles":[],"fullName":"exportSelectedPhaserMaps returns false when there is no project or no selected maps","status":"passed","title":"exportSelectedPhaserMaps returns false when there is no project or no selected maps","duration":0.515207999999987,"failureMessages":[],"meta":{},"tags":[]},{"ancestorTitles":[],"fullName":"exportSelectedPhaserMaps rejects unsupported option ids","status":"passed","title":"exportSelectedPhaserMaps rejects unsupported option ids","duration":0.5668340000000001,"failureMessages":[],"meta":{},"tags":[]},{"ancestorTitles":[],"fullName":"exportSelectedPhaserMaps exports a single selected map as a Phaser JSON zip","status":"passed","title":"exportSelectedPhaserMaps exports a single selected map as a Phaser JSON zip","duration":1.4669169999999951,"failureMessages":[],"meta":{},"tags":[]},{"ancestorTitles":[],"fullName":"exportSelectedPhaserMaps exports multiple selected maps into grouped archive paths","status":"passed","title":"exportSelectedPhaserMaps exports multiple selected maps into grouped archive paths","duration":1.0029169999999965,"failureMessages":[],"meta":{},"tags":[]}],"startTime":1777409151734,"endTime":1777409151740.003,"status":"passed","message":"","name":"/Volumes/Samsung_SSD_1TB/www/2dtiler/app/tests/features/import-export/lib/phaser-map-action-utils.test.ts"},{"assertionResults":[{"ancestorTitles":[],"fullName":"isTideMapOption matches only the unified tIDE map option","status":"passed","title":"isTideMapOption matches only the unified tIDE map option","duration":0.7690000000000055,"failureMessages":[],"meta":{},"tags":[]},{"ancestorTitles":[],"fullName":"exportSelectedTideMaps exports single files and grouped archives","status":"passed","title":"exportSelectedTideMaps exports single files and grouped archives","duration":2.5190839999999923,"failureMessages":[],"meta":{},"tags":[]}],"startTime":1777409152488,"endTime":1777409152491.519,"status":"passed","message":"","name":"/Volumes/Samsung_SSD_1TB/www/2dtiler/app/tests/features/import-export/lib/tide-map-action-utils.test.ts"},{"assertionResults":[{"ancestorTitles":[],"fullName":"Tiled Lua helpers round-trip escaped values and reject unsupported documents","status":"passed","title":"Tiled Lua helpers round-trip escaped values and reject unsupported documents","duration":2.146084000000002,"failureMessages":[],"meta":{},"tags":[]}],"startTime":1777409153473,"endTime":1777409153475.146,"status":"passed","message":"","name":"/Volumes/Samsung_SSD_1TB/www/2dtiler/app/tests/features/import-export/lib/tiled-lua.test.ts"},{"assertionResults":[{"ancestorTitles":[],"fullName":"prepareTiledMapImport normalizes external TSX tilesets with margin and spacing","status":"passed","title":"prepareTiledMapImport normalizes external TSX tilesets with margin and spacing","duration":5.226666000000023,"failureMessages":[],"meta":{},"tags":[]},{"ancestorTitles":[],"fullName":"prepareTiledMapImport imports complex TMX bundles","status":"passed","title":"prepareTiledMapImport imports complex TMX bundles","duration":6.642500000000041,"failureMessages":[],"meta":{},"tags":[]},{"ancestorTitles":[],"fullName":"prepareTiledMapImport imports complex TMJ bundles","status":"passed","title":"prepareTiledMapImport imports complex TMJ bundles","duration":2.4311670000000163,"failureMessages":[],"meta":{},"tags":[]},{"ancestorTitles":[],"fullName":"prepareTiledMapImport imports complex JS bundles","status":"passed","title":"prepareTiledMapImport imports complex JS bundles","duration":1.2859170000000404,"failureMessages":[],"meta":{},"tags":[]},{"ancestorTitles":[],"fullName":"prepareTiledMapImport imports complex Lua bundles","status":"passed","title":"prepareTiledMapImport imports complex Lua bundles","duration":3.726165999999978,"failureMessages":[],"meta":{},"tags":[]},{"ancestorTitles":[],"fullName":"prepareTiledMapImport reports missing linked resources for JSON bundles","status":"passed","title":"prepareTiledMapImport reports missing linked resources for JSON bundles","duration":7.1394579999999905,"failureMessages":[],"meta":{},"tags":[]},{"ancestorTitles":[],"fullName":"prepareTiledMapImport reports missing linked resources for JS bundles","status":"passed","title":"prepareTiledMapImport reports missing linked resources for JS bundles","duration":0.49941599999999653,"failureMessages":[],"meta":{},"tags":[]},{"ancestorTitles":[],"fullName":"prepareTiledMapImport reports missing linked resources for LUA bundles","status":"passed","title":"prepareTiledMapImport reports missing linked resources for LUA bundles","duration":1.122624999999971,"failureMessages":[],"meta":{},"tags":[]}],"startTime":1777409150297,"endTime":1777409150325.1226,"status":"passed","message":"","name":"/Volumes/Samsung_SSD_1TB/www/2dtiler/app/tests/features/import-export/lib/tiled-map-import.test.ts"},{"assertionResults":[{"ancestorTitles":[],"fullName":"Tiled tileset option predicates match the Tiled tileset options","status":"passed","title":"Tiled tileset option predicates match the Tiled tileset options","duration":1.0770829999999876,"failureMessages":[],"meta":{},"tags":[]},{"ancestorTitles":[],"fullName":"exportSelectedTiledTilesets exports grouped archives and rejects invalid input","status":"passed","title":"exportSelectedTiledTilesets exports grouped archives and rejects invalid input","duration":3.700375000000008,"failureMessages":[],"meta":{},"tags":[]},{"ancestorTitles":[],"fullName":"exportSelectedTiledTilesets emits zero margin and spacing for xml, json, and lua","status":"passed","title":"exportSelectedTiledTilesets emits zero margin and spacing for xml, json, and lua","duration":3.6045839999999885,"failureMessages":[],"meta":{},"tags":[]}],"startTime":1777409150652,"endTime":1777409150659.6045,"status":"passed","message":"","name":"/Volumes/Samsung_SSD_1TB/www/2dtiler/app/tests/features/import-export/lib/tiled-tileset-action-utils.test.ts"},{"assertionResults":[{"ancestorTitles":[],"fullName":"Unity layer export names round-trip stable ids","status":"passed","title":"Unity layer export names round-trip stable ids","duration":1.0765829999999994,"failureMessages":[],"meta":{},"tags":[]},{"ancestorTitles":[],"fullName":"Unity meta and tile asset helpers parse exported GUID chain","status":"passed","title":"Unity meta and tile asset helpers parse exported GUID chain","duration":0.24729100000000415,"failureMessages":[],"meta":{},"tags":[]},{"ancestorTitles":[],"fullName":"Unity meta helper infers tile size from standard sprite slicing metadata","status":"passed","title":"Unity meta helper infers tile size from standard sprite slicing metadata","duration":0.4198339999999945,"failureMessages":[],"meta":{},"tags":[]}],"startTime":1777409153985,"endTime":1777409153986.42,"status":"passed","message":"","name":"/Volumes/Samsung_SSD_1TB/www/2dtiler/app/tests/features/import-export/lib/unity-bundle-utils.test.ts"},{"assertionResults":[{"ancestorTitles":[],"fullName":"prepareUnityMapImport prefers prefab and texture metadata over manifest map metadata","status":"passed","title":"prepareUnityMapImport prefers prefab and texture metadata over manifest map metadata","duration":3.680499999999995,"failureMessages":[],"meta":{},"tags":[]}],"startTime":1777409152947,"endTime":1777409152950.6804,"status":"passed","message":"","name":"/Volumes/Samsung_SSD_1TB/www/2dtiler/app/tests/features/import-export/lib/unity-map-import.test.ts"},{"assertionResults":[{"ancestorTitles":[],"fullName":"parseUnityPrefabTilemap reads actual layer order and tile transforms","status":"passed","title":"parseUnityPrefabTilemap reads actual layer order and tile transforms","duration":2.5457919999999916,"failureMessages":[],"meta":{},"tags":[]},{"ancestorTitles":[],"fullName":"parseUnityPrefabTilemap rejects prefabs without Tilemap components","status":"passed","title":"parseUnityPrefabTilemap rejects prefabs without Tilemap components","duration":0.29862500000000125,"failureMessages":[],"meta":{},"tags":[]}],"startTime":1777409153366,"endTime":1777409153368.546,"status":"passed","message":"","name":"/Volumes/Samsung_SSD_1TB/www/2dtiler/app/tests/features/import-export/lib/unity-prefab-parser.test.ts"},{"assertionResults":[{"ancestorTitles":[],"fullName":"prepareUnityTilesetImport infers tile size from Unity sprite slicing metadata","status":"passed","title":"prepareUnityTilesetImport infers tile size from Unity sprite slicing metadata","duration":1.7624999999999886,"failureMessages":[],"meta":{},"tags":[]}],"startTime":1777409153770,"endTime":1777409153771.7625,"status":"passed","message":"","name":"/Volumes/Samsung_SSD_1TB/www/2dtiler/app/tests/features/import-export/lib/unity-tileset-import.test.ts"},{"assertionResults":[{"ancestorTitles":[],"fullName":"project normalization fills defaults and preserves active tileset sizes","status":"passed","title":"project normalization fills defaults and preserves active tileset sizes","duration":1.4185420000000022,"failureMessages":[],"meta":{},"tags":[]}],"startTime":1777409154310,"endTime":1777409154311.4185,"status":"passed","message":"","name":"/Volumes/Samsung_SSD_1TB/www/2dtiler/app/tests/features/project-management/lib/project.test.ts"},{"assertionResults":[{"ancestorTitles":[],"fullName":"layer tree helpers flatten nested map layers and build display trees","status":"passed","title":"layer tree helpers flatten nested map layers and build display trees","duration":1.6208330000000046,"failureMessages":[],"meta":{},"tags":[]},{"ancestorTitles":[],"fullName":"image editor layer tree helpers respect group ancestry and display order","status":"passed","title":"image editor layer tree helpers respect group ancestry and display order","duration":0.195959000000002,"failureMessages":[],"meta":{},"tags":[]}],"startTime":1777409153878,"endTime":1777409153879.6208,"status":"passed","message":"","name":"/Volumes/Samsung_SSD_1TB/www/2dtiler/app/tests/features/map-editor/lib/layers.test.ts"},{"assertionResults":[{"ancestorTitles":[],"fullName":"applyMapResizeToProject grows from the top-left and shifts map content","status":"passed","title":"applyMapResizeToProject grows from the top-left and shifts map content","duration":1.3975829999999974,"failureMessages":[],"meta":{},"tags":[]},{"ancestorTitles":[],"fullName":"applyMapResizeToProject shrinks from the top-left and crops shifted tiles","status":"passed","title":"applyMapResizeToProject shrinks from the top-left and crops shifted tiles","duration":0.18508400000000336,"failureMessages":[],"meta":{},"tags":[]},{"ancestorTitles":[],"fullName":"applyMapResizeToProject leaves unrelated map content untouched","status":"passed","title":"applyMapResizeToProject leaves unrelated map content untouched","duration":0.11670799999998849,"failureMessages":[],"meta":{},"tags":[]}],"startTime":1777409154093,"endTime":1777409154095.185,"status":"passed","message":"","name":"/Volumes/Samsung_SSD_1TB/www/2dtiler/app/tests/features/map-editor/lib/map-resize.test.ts"},{"assertionResults":[{"ancestorTitles":[],"fullName":"text object helpers parse settings, build patches, and normalize bounds","status":"passed","title":"text object helpers parse settings, build patches, and normalize bounds","duration":1.5867920000000026,"failureMessages":[],"meta":{},"tags":[]}],"startTime":1777409154422,"endTime":1777409154423.587,"status":"passed","message":"","name":"/Volumes/Samsung_SSD_1TB/www/2dtiler/app/tests/features/map-editor/lib/text-objects.test.ts"},{"assertionResults":[{"ancestorTitles":[],"fullName":"image layer transform helpers compute rotated points, handles, cursors, and resize bounds","status":"passed","title":"image layer transform helpers compute rotated points, handles, cursors, and resize bounds","duration":1.6407910000000072,"failureMessages":[],"meta":{},"tags":[]}],"startTime":1777409154200,"endTime":1777409154201.6409,"status":"passed","message":"","name":"/Volumes/Samsung_SSD_1TB/www/2dtiler/app/tests/features/map-editor/components/MapCanvas/image-layer-transform.test.ts"},{"assertionResults":[{"ancestorTitles":[],"fullName":"loadTilesetImage deduplicates in-flight work and reuses the cached image","status":"passed","title":"loadTilesetImage deduplicates in-flight work and reuses the cached image","duration":2.038792000000001,"failureMessages":[],"meta":{},"tags":[]},{"ancestorTitles":[],"fullName":"loadTilesetImage returns null when the asset is missing or decode fails","status":"passed","title":"loadTilesetImage returns null when the asset is missing or decode fails","duration":0.3957499999999925,"failureMessages":[],"meta":{},"tags":[]},{"ancestorTitles":[],"fullName":"evictUnusedTilesets and evictTileset revoke blob URLs while getTileImage tracks the cache","status":"passed","title":"evictUnusedTilesets and evictTileset revoke blob URLs while getTileImage tracks the cache","duration":0.654167000000001,"failureMessages":[],"meta":{},"tags":[]},{"ancestorTitles":[],"fullName":"drawTileWithOrientation draws directly when there is no rotation or flipping","status":"passed","title":"drawTileWithOrientation draws directly when there is no rotation or flipping","duration":0.6079580000000107,"failureMessages":[],"meta":{},"tags":[]},{"ancestorTitles":[],"fullName":"drawTileWithOrientation applies the expected canvas transforms for rotated and flipped tiles","status":"passed","title":"drawTileWithOrientation applies the expected canvas transforms for rotated and flipped tiles","duration":0.45741599999999494,"failureMessages":[],"meta":{},"tags":[]},{"ancestorTitles":[],"fullName":"drawImageLayerWithOrientation draws directly when there is no rotation or flipping","status":"passed","title":"drawImageLayerWithOrientation draws directly when there is no rotation or flipping","duration":0.3384580000000028,"failureMessages":[],"meta":{},"tags":[]},{"ancestorTitles":[],"fullName":"drawImageLayerWithOrientation rotates around the layer center when needed","status":"passed","title":"drawImageLayerWithOrientation rotates around the layer center when needed","duration":0.29241700000000037,"failureMessages":[],"meta":{},"tags":[]},{"ancestorTitles":[],"fullName":"loadImageLayerImage caches successful loads and evictImageLayer revokes their blob URL","status":"passed","title":"loadImageLayerImage caches successful loads and evictImageLayer revokes their blob URL","duration":0.22254200000000424,"failureMessages":[],"meta":{},"tags":[]},{"ancestorTitles":[],"fullName":"loadImageLayerImage returns null when image decoding fails","status":"passed","title":"loadImageLayerImage returns null when image decoding fails","duration":0.25704100000000096,"failureMessages":[],"meta":{},"tags":[]}],"startTime":1777409151615,"endTime":1777409151620.257,"status":"passed","message":"","name":"/Volumes/Samsung_SSD_1TB/www/2dtiler/app/tests/features/map-editor/components/MapCanvas/texture-cache.test.ts"}]}
