{"total": {"lines":{"total":1349,"covered":1123,"skipped":0,"pct":83.24},"statements":{"total":1383,"covered":1154,"skipped":0,"pct":83.44},"functions":{"total":224,"covered":207,"skipped":0,"pct":92.41},"branches":{"total":863,"covered":522,"skipped":0,"pct":60.48},"branchesTrue":{"total":0,"covered":0,"skipped":0,"pct":100}}
,"/Volumes/Samsung_SSD_1TB/www/2dtiler/app/src/features/import-export/lib/import-export-defold.ts": {"lines":{"total":222,"covered":189,"skipped":0,"pct":85.13},"functions":{"total":36,"covered":34,"skipped":0,"pct":94.44},"statements":{"total":223,"covered":190,"skipped":0,"pct":85.2},"branches":{"total":137,"covered":87,"skipped":0,"pct":63.5}}
,"/Volumes/Samsung_SSD_1TB/www/2dtiler/app/src/features/import-export/lib/import-export-mappy.ts": {"lines":{"total":424,"covered":340,"skipped":0,"pct":80.18},"functions":{"total":48,"covered":47,"skipped":0,"pct":97.91},"statements":{"total":442,"covered":357,"skipped":0,"pct":80.76},"branches":{"total":315,"covered":153,"skipped":0,"pct":48.57}}
,"/Volumes/Samsung_SSD_1TB/www/2dtiler/app/src/features/import-export/lib/import-export-tide.ts": {"lines":{"total":273,"covered":231,"skipped":0,"pct":84.61},"functions":{"total":41,"covered":38,"skipped":0,"pct":92.68},"statements":{"total":278,"covered":236,"skipped":0,"pct":84.89},"branches":{"total":168,"covered":100,"skipped":0,"pct":59.52}}
,"/Volumes/Samsung_SSD_1TB/www/2dtiler/app/src/features/import-export/lib/tiled-tileset-action-utils.ts": {"lines":{"total":67,"covered":50,"skipped":0,"pct":74.62},"functions":{"total":9,"covered":7,"skipped":0,"pct":77.77},"statements":{"total":67,"covered":50,"skipped":0,"pct":74.62},"branches":{"total":22,"covered":14,"skipped":0,"pct":63.63}}
,"/Volumes/Samsung_SSD_1TB/www/2dtiler/app/src/features/import-export/lib/tiled-xml-utils.ts": {"lines":{"total":48,"covered":34,"skipped":0,"pct":70.83},"functions":{"total":15,"covered":13,"skipped":0,"pct":86.66},"statements":{"total":51,"covered":35,"skipped":0,"pct":68.62},"branches":{"total":22,"covered":16,"skipped":0,"pct":72.72}}
,"/Volumes/Samsung_SSD_1TB/www/2dtiler/app/src/features/import-export/lib/unity-bundle-utils.ts": {"lines":{"total":105,"covered":90,"skipped":0,"pct":85.71},"functions":{"total":20,"covered":17,"skipped":0,"pct":85},"statements":{"total":105,"covered":90,"skipped":0,"pct":85.71},"branches":{"total":76,"covered":60,"skipped":0,"pct":78.94}}
,"/Volumes/Samsung_SSD_1TB/www/2dtiler/app/src/features/import-export/lib/unity-prefab-parser.ts": {"lines":{"total":173,"covered":156,"skipped":0,"pct":90.17},"functions":{"total":50,"covered":46,"skipped":0,"pct":92},"statements":{"total":179,"covered":162,"skipped":0,"pct":90.5},"branches":{"total":101,"covered":76,"skipped":0,"pct":75.24}}
,"/Volumes/Samsung_SSD_1TB/www/2dtiler/app/src/features/map-editor/lib/map-resize.ts": {"lines":{"total":37,"covered":33,"skipped":0,"pct":89.18},"functions":{"total":5,"covered":5,"skipped":0,"pct":100},"statements":{"total":38,"covered":34,"skipped":0,"pct":89.47},"branches":{"total":22,"covered":16,"skipped":0,"pct":72.72}}
}
